make --dry-run --always-make --keep-going --print-directory
make: Entering directory '/goinfre/yadib/The-Fastest-Http-Server'
c++ -Wall -Wextra -g --std=c++98 server/clsEpollHandler.cpp -c -MMD  -o server/clsEpollHandler.o
c++ -Wall -Wextra -g --std=c++98 server/clsServerSock.cpp -c -MMD  -o server/clsServerSock.o
c++ -Wall -Wextra -g --std=c++98 server/testing.cpp -c -MMD  -o server/testing.o
c++ -Wall -Wextra -g --std=c++98 main.cpp -c -MMD  -o main.o
c++ -Wall -Wextra -g --std=c++98 linker/clsLinker.cpp -c -MMD  -o linker/clsLinker.o
c++ -Wall -Wextra -g --std=c++98 linker/clsClient.cpp -c -MMD  -o linker/clsClient.o
c++ -Wall -Wextra -g --std=c++98 Utils/HelperFunctions.cpp -c -MMD  -o Utils/HelperFunctions.o
c++ -Wall -Wextra -g --std=c++98 Utils/HttpError.cpp -c -MMD  -o Utils/HttpError.o
c++ -Wall -Wextra -g --std=c++98 Utils/Lexer.cpp -c -MMD  -o Utils/Lexer.o
c++ -Wall -Wextra -g --std=c++98 Parser/ParseConfigFile/ConfigFile/ParseConfigueFile.cpp -c -MMD  -o Parser/ParseConfigFile/ConfigFile/ParseConfigueFile.o
c++ -Wall -Wextra -g --std=c++98 Parser/ParseConfigFile/LocationConfig/LocationConfig.cpp -c -MMD  -o Parser/ParseConfigFile/LocationConfig/LocationConfig.o
c++ -Wall -Wextra -g --std=c++98 Parser/ParseConfigFile/ServerConfig/ConfigDirectiveParser.cpp -c -MMD  -o Parser/ParseConfigFile/ServerConfig/ConfigDirectiveParser.o
c++ -Wall -Wextra -g --std=c++98 Parser/ParseConfigFile/ServerConfig/ServerConfig.cpp -c -MMD  -o Parser/ParseConfigFile/ServerConfig/ServerConfig.o
c++ -Wall -Wextra -g --std=c++98 Parser/ParseRequest/Request/clsStartLine.cpp -c -MMD  -o Parser/ParseRequest/Request/clsStartLine.o
c++ -Wall -Wextra -g --std=c++98 Parser/ParseRequest/Request/Header.cpp -c -MMD  -o Parser/ParseRequest/Request/Header.o
c++ -Wall -Wextra -g --std=c++98 Parser/ParseRequest/Request/Request.cpp -c -MMD  -o Parser/ParseRequest/Request/Request.o
c++ -Wall -Wextra -g --std=c++98 Parser/ParseRequest/URI/URI.cpp -c -MMD  -o Parser/ParseRequest/URI/URI.o
c++ -Wall -Wextra -g --std=c++98 Parser/ParseRequest/URI/URIParser.cpp -c -MMD  -o Parser/ParseRequest/URI/URIParser.o
c++ -Wall -Wextra -g --std=c++98 Parser/RequestHandler/ProcessRequestHandler.cpp -c -MMD  -o Parser/RequestHandler/ProcessRequestHandler.o
c++ -Wall -Wextra -g --std=c++98 Parser/RequestHandler/RequestHandler.cpp -c -MMD  -o Parser/RequestHandler/RequestHandler.o
c++ -Wall -Wextra -g --std=c++98 PartRespond/mainprocess/clsMainProcess.cpp -c -MMD  -o PartRespond/mainprocess/clsMainProcess.o
c++ -Wall -Wextra -g --std=c++98 PartRespond/response/clsResponse.cpp -c -MMD  -o PartRespond/response/clsResponse.o
c++ -Wall -Wextra -g --std=c++98 PartRespond/response/clsErrorPage.cpp -c -MMD  -o PartRespond/response/clsErrorPage.o
c++ -Wall -Wextra -g --std=c++98  server/clsEpollHandler.o server/clsServerSock.o server/testing.o main.o linker/clsLinker.o linker/clsClient.o Utils/HelperFunctions.o Utils/HttpError.o Utils/Lexer.o Parser/ParseConfigFile/ConfigFile/ParseConfigueFile.o Parser/ParseConfigFile/LocationConfig/LocationConfig.o Parser/ParseConfigFile/ServerConfig/ConfigDirectiveParser.o Parser/ParseConfigFile/ServerConfig/ServerConfig.o Parser/ParseRequest/Request/clsStartLine.o Parser/ParseRequest/Request/Header.o Parser/ParseRequest/Request/Request.o Parser/ParseRequest/URI/URI.o Parser/ParseRequest/URI/URIParser.o Parser/RequestHandler/ProcessRequestHandler.o Parser/RequestHandler/RequestHandler.o PartRespond/mainprocess/clsMainProcess.o PartRespond/response/clsResponse.o PartRespond/response/clsErrorPage.o -o webserv
make: Leaving directory '/goinfre/yadib/The-Fastest-Http-Server'
 
